<?xml version="1.0" encoding="UTF-8"?>
<!-- Generated by org.testng.reporters.JUnitReportReporter -->
<testsuite hostname="Sudipas-MacBook-Pro.local" failures="0" tests="1" name="restAPI.PutRequest" time="1.950" errors="0" timestamp="21 Nov 2021 15:14:52 GMT" skipped="0">
  <testcase classname="restAPI.PutRequest" name="PostCall" time="1.950"/>
</testsuite> <!-- restAPI.PutRequest -->
