<?xml version="1.0" encoding="UTF-8"?>
<!-- Generated by org.testng.reporters.JUnitReportReporter -->
<testsuite hostname="Sudipas-MacBook-Pro.local" failures="0" tests="1" name="restAPI.PostRequestWithMap" time="1.915" errors="0" timestamp="21 Nov 2021 14:33:22 GMT" skipped="0">
  <testcase classname="restAPI.PostRequestWithMap" name="PostCall" time="1.915"/>
</testsuite> <!-- restAPI.PostRequestWithMap -->
