<?xml version="1.0" encoding="UTF-8"?>
<!-- Generated by org.testng.reporters.JUnitReportReporter -->
<testsuite hostname="Sudipas-MacBook-Pro.local" failures="0" tests="1" name="restAPI.PostRequestWithJsonObject" time="1.645" errors="0" timestamp="21 Nov 2021 14:20:23 GMT" skipped="0">
  <testcase classname="restAPI.PostRequestWithJsonObject" name="PostCall" time="1.645"/>
</testsuite> <!-- restAPI.PostRequestWithJsonObject -->
