<?xml version="1.0" encoding="UTF-8"?>
<!-- Generated by org.testng.reporters.JUnitReportReporter -->
<testsuite hostname="Sudipas-MacBook-Pro.local" failures="0" tests="1" name="restAPI.PostRequestWithJsonFile" time="1.732" errors="0" timestamp="21 Nov 2021 15:05:22 GMT" skipped="0">
  <testcase classname="restAPI.PostRequestWithJsonFile" name="PostCall" time="1.732"/>
</testsuite> <!-- restAPI.PostRequestWithJsonFile -->
