<?xml version="1.0" encoding="UTF-8"?>
<!-- Generated by org.testng.reporters.JUnitReportReporter -->
<testsuite hostname="Sudipas-MacBook-Pro.local" failures="0" tests="1" name="restAPIBDD.PutRequest" time="2.828" errors="0" timestamp="27 Nov 2021 14:52:00 GMT" skipped="0">
  <testcase classname="restAPIBDD.PutRequest" name="putCall" time="2.828"/>
</testsuite> <!-- restAPIBDD.PutRequest -->
