<?xml version="1.0" encoding="UTF-8"?>
<!-- Generated by org.testng.reporters.JUnitReportReporter -->
<testsuite hostname="Sudipas-MacBook-Pro.local" failures="0" tests="1" name="restAPI.DeleteRequest" time="1.658" errors="0" timestamp="21 Nov 2021 15:24:25 GMT" skipped="0">
  <testcase classname="restAPI.DeleteRequest" name="deleteCall" time="1.658"/>
</testsuite> <!-- restAPI.DeleteRequest -->
