<?xml version="1.0" encoding="UTF-8"?>
<!-- Generated by org.testng.reporters.JUnitReportReporter -->
<testsuite hostname="Sudipas-MacBook-Pro.local" failures="0" tests="1" name="RestAPIChaining.EndToEndTest" time="2.623" errors="0" timestamp="27 Nov 2021 13:48:04 GMT" skipped="0">
  <testcase classname="RestAPIChaining.EndToEndTest" name="test1" time="2.623"/>
</testsuite> <!-- RestAPIChaining.EndToEndTest -->
