<?xml version="1.0" encoding="UTF-8"?>
<!-- Generated by org.testng.reporters.JUnitReportReporter -->
<testsuite hostname="Sudipas-MacBook-Pro.local" failures="0" tests="1" name="restAPIBDD.PostRequest" time="1.961" errors="0" timestamp="27 Nov 2021 14:44:57 GMT" skipped="0">
  <testcase classname="restAPIBDD.PostRequest" name="postCall" time="1.961"/>
</testsuite> <!-- restAPIBDD.PostRequest -->
