<?xml version="1.0" encoding="UTF-8"?>
<!-- Generated by org.testng.reporters.JUnitReportReporter -->
<testsuite hostname="Sudipas-MacBook-Pro.local" failures="0" tests="1" name="restAPI.PostRequest" time="1.617" errors="0" timestamp="21 Nov 2021 14:05:01 GMT" skipped="0">
  <testcase classname="restAPI.PostRequest" name="PostCall" time="1.617"/>
</testsuite> <!-- restAPI.PostRequest -->
