<?xml version="1.0" encoding="UTF-8"?>
<!-- Generated by org.testng.reporters.JUnitReportReporter -->
<testsuite hostname="Sudipas-MacBook-Pro.local" failures="0" tests="1" name="restAPI.GetRequest" time="2.342" errors="0" timestamp="21 Nov 2021 15:15:04 GMT" skipped="0">
  <testcase classname="restAPI.GetRequest" name="GetCall" time="2.342"/>
</testsuite> <!-- restAPI.GetRequest -->
