<?xml version="1.0" encoding="UTF-8"?>
<!-- Generated by org.testng.reporters.JUnitReportReporter -->
<testsuite hostname="Sudipas-MacBook-Pro.local" failures="0" tests="1" name="restAPIBDD.GetRequest" time="2.616" errors="0" timestamp="27 Nov 2021 14:24:59 GMT" skipped="0">
  <testcase classname="restAPIBDD.GetRequest" name="getCall" time="2.616"/>
</testsuite> <!-- restAPIBDD.GetRequest -->
