<?xml version="1.0" encoding="UTF-8"?>
<!-- Generated by org.testng.reporters.JUnitReportReporter -->
<testsuite hostname="Sudipas-MacBook-Pro.local" failures="0" tests="1" name="restAPI.GetRequestWithParams" time="2.416" errors="0" timestamp="20 Nov 2021 17:03:57 GMT" skipped="0">
  <testcase classname="restAPI.GetRequestWithParams" name="getCall" time="2.416"/>
</testsuite> <!-- restAPI.GetRequestWithParams -->
