<?xml version="1.0" encoding="UTF-8"?>
<!-- Generated by org.testng.reporters.JUnitReportReporter -->
<testsuite hostname="Sudipas-MacBook-Pro.local" failures="0" tests="1" name="restAPIBDD.DeleteCall" time="1.703" errors="0" timestamp="27 Nov 2021 14:58:01 GMT" skipped="0">
  <testcase classname="restAPIBDD.DeleteCall" name="deleteCall" time="1.703"/>
</testsuite> <!-- restAPIBDD.DeleteCall -->
