<?xml version="1.0" encoding="UTF-8"?>
<!-- Generated by org.testng.reporters.JUnitReportReporter -->
<testsuite hostname="Sudipas-MacBook-Pro.local" failures="0" tests="1" name="restAPIXML.XMLRequest" time="2.642" errors="0" timestamp="27 Nov 2021 15:30:16 GMT" skipped="0">
  <testcase classname="restAPIXML.XMLRequest" name="test3" time="2.642"/>
</testsuite> <!-- restAPIXML.XMLRequest -->
