<?xml version="1.0" encoding="UTF-8"?>
<!-- Generated by org.testng.reporters.JUnitReportReporter -->
<testsuite skipped="0" hostname="Sudipas-MacBook-Pro.local" name="RestAPIChaining.EndToEndTest" tests="1" failures="0" timestamp="21 Nov 2021 17:29:18 GMT" time="0.896" errors="0">
  <testcase name="test1" time="0.896" classname="RestAPIChaining.EndToEndTest"/>
</testsuite> <!-- RestAPIChaining.EndToEndTest -->
